Change Component Footprint: Designator=U5 Old Footprint= New Footprint=BMP280
Added Room: Name=SATALLITE
PCB-ECO: Change Pad Pin/Pkg Length: Old=0.254mm New=0mm
PCB-ECO: Change Pad Pin/Pkg Length: Old=0.254mm New=50.8mm
PCB-ECO: Change Pad Pin/Pkg Length: Old=0.254mm New=0mm
PCB-ECO: Change Pad Pin/Pkg Length: Old=0.254mm New=50.8mm
PCB-ECO: Change Pad Pin/Pkg Length: Old=0mm New=50.8mm
PCB-ECO: Change Pad Pin/Pkg Length: Old=0mm New=50.8mm
PCB-ECO: Change Pad Pin/Pkg Length: Old=0mm New=50.8mm
PCB-ECO: Change Pad Pin/Pkg Length: Old=0mm New=50.8mm
PCB-ECO: Change Pad Pin/Pkg Length: Old=0mm New=50.8mm
PCB-ECO: Change Pad Pin/Pkg Length: Old=0mm New=50.8mm
PCB-ECO: Change Pad Pin/Pkg Length: Old=0mm New=50.8mm
PCB-ECO: Change Pad Pin/Pkg Length: Old=0mm New=50.8mm
PCB-ECO: Change Pad Pin/Pkg Length: Old=0mm New=50.8mm
PCB-ECO: Change Pad Pin/Pkg Length: Old=0mm New=50.8mm
PCB-ECO: Change Pad Pin/Pkg Length: Old=0mm New=50.8mm
PCB-ECO: Change Pad Pin/Pkg Length: Old=0mm New=50.8mm
PCB-ECO: Change Pad Pin/Pkg Length: Old=0mm New=50.8mm
PCB-ECO: Change Pad Pin/Pkg Length: Old=0mm New=50.8mm
PCB-ECO: Change Pad Pin/Pkg Length: Old=0mm New=50.8mm
PCB-ECO: Change Pad Pin/Pkg Length: Old=0mm New=50.8mm
PCB-ECO: Change Pad Pin/Pkg Length: Old=0mm New=50.8mm
PCB-ECO: Change Pad Pin/Pkg Length: Old=0mm New=50.8mm
PCB-ECO: Change Pad Pin/Pkg Length: Old=0mm New=50.8mm
PCB-ECO: Change Pad Pin/Pkg Length: Old=0mm New=50.8mm
PCB-ECO: Change Pad Pin/Pkg Length: Old=0mm New=50.8mm
PCB-ECO: Change Pad Pin/Pkg Length: Old=0mm New=50.8mm
PCB-ECO: Change Pad Pin/Pkg Length: Old=0mm New=50.8mm
PCB-ECO: Change Pad Pin/Pkg Length: Old=0mm New=50.8mm
PCB-ECO: Change Pad Pin/Pkg Length: Old=0mm New=50.8mm
PCB-ECO: Change Pad Pin/Pkg Length: Old=0mm New=50.8mm
PCB-ECO: Change Pad Pin/Pkg Length: Old=0mm New=50.8mm
PCB-ECO: Change Pad Pin/Pkg Length: Old=0mm New=50.8mm
PCB-ECO: Change Pad Pin/Pkg Length: Old=0mm New=50.8mm
PCB-ECO: Change Pad Pin/Pkg Length: Old=0mm New=50.8mm
PCB-ECO: Change Pad Pin/Pkg Length: Old=0mm New=50.8mm
PCB-ECO: Change Pad Pin/Pkg Length: Old=0mm New=50.8mm
PCB-ECO: Change Pad Pin/Pkg Length: Old=0mm New=50.8mm
PCB-ECO: Change Pad Pin/Pkg Length: Old=0mm New=50.8mm
PCB-ECO: Change Pad Pin/Pkg Length: Old=0mm New=50.8mm
PCB-ECO: Change Pad Pin/Pkg Length: Old=0mm New=50.8mm
PCB-ECO: Change Pad Pin/Pkg Length: Old=0.254mm New=50.8mm
PCB-ECO: Change Pad Pin/Pkg Length: Old=0.254mm New=50.8mm
PCB-ECO: Change Pad Pin/Pkg Length: Old=0.254mm New=50.8mm
PCB-ECO: Change Pad Pin/Pkg Length: Old=0.254mm New=50.8mm
PCB-ECO: Change Pad Pin/Pkg Length: Old=0.254mm New=50.8mm
PCB-ECO: Change Pad Pin/Pkg Length: Old=0.254mm New=50.8mm
PCB-ECO: Change Pad Pin/Pkg Length: Old=0.254mm New=50.8mm
PCB-ECO: Change Pad Pin/Pkg Length: Old=0.254mm New=50.8mm
PCB-ECO: Change Pad Pin/Pkg Length: Old=0.254mm New=50.8mm
PCB-ECO: Change Pad Pin/Pkg Length: Old=0.254mm New=50.8mm
PCB-ECO: Change Pad Pin/Pkg Length: Old=0.254mm New=50.8mm
PCB-ECO: Change Pad Pin/Pkg Length: Old=0.254mm New=50.8mm
PCB-ECO: Change Pad Pin/Pkg Length: Old=0.254mm New=50.8mm
PCB-ECO: Change Pad Pin/Pkg Length: Old=0.254mm New=50.8mm
PCB-ECO: Change Pad Pin/Pkg Length: Old=0.254mm New=50.8mm
PCB-ECO: Change Pad Pin/Pkg Length: Old=0.254mm New=50.8mm
PCB-ECO: Change Pad Pin/Pkg Length: Old=0mm New=50.8mm
PCB-ECO: Change Pad Pin/Pkg Length: Old=0mm New=50.8mm
PCB-ECO: Change Pad Pin/Pkg Length: Old=0mm New=50.8mm
PCB-ECO: Change Pad Pin/Pkg Length: Old=0mm New=50.8mm
PCB-ECO: Change Pad Pin/Pkg Length: Old=0mm New=50.8mm
PCB-ECO: Change Pad Pin/Pkg Length: Old=0mm New=50.8mm
PCB-ECO: Change Pad Pin/Pkg Length: Old=0mm New=50.8mm
PCB-ECO: Change Pad Pin/Pkg Length: Old=0mm New=50.8mm
PCB-ECO: Change Pad Pin/Pkg Length: Old=0mm New=50.8mm
PCB-ECO: Change Pad Pin/Pkg Length: Old=0mm New=50.8mm
