Added Component: Designator=B1(PUSB BUTTON-SMD)
Add component (AddParameter): Name = "Satýn Alma Linki"; Value = "https://urun.n11.com/diger/mini-pushbutton-switch-smd-P227461537?gclid=Cj0KCQjwkoDmBRCcARIsAG3xzl8Y_-jeD7HocNM6lvuZ_rVp83568XPGtNzlPwXWLph8oCRqo0yh87UaApZYEALw_wcB&gclsrc=aw.ds"; VariantName = "[No Variations]"
Added Component: Designator=BZ1(BZ_C9)
Add component (AddParameter): Name = "MANF"; Value = "Mallory"; VariantName = "[No Variations]"
Add component (AddParameter): Name = "MANF_P#"; Value = "PB-09N23P-03Q"; VariantName = "[No Variations]"
Add component (AddParameter): Name = "PARAM"; Value = "2.7KHz"; VariantName = "[No Variations]"
Add component (AddParameter): Name = "PARAM2"; Value = "3V, 30mA"; VariantName = "[No Variations]"
Add component (AddParameter): Name = "PRICE"; Value = "$3"; VariantName = "[No Variations]"
Add component (AddParameter): Name = "VALUE"; Value = "BUZZER"; VariantName = "[No Variations]"
Added Component: Designator=C1(C1206)
Added Component: Designator=C2(C1206)
Added Component: Designator=C3(C1206)
Added Component: Designator=C4(C1206)
Added Component: Designator=C5(C1206)
Added Component: Designator=C6(C1206)
Added Component: Designator=C7(C1206- TANTAL)
Added Component: Designator=C8(C1206- TANTAL)
Added Component: Designator=C9(C1206)
Added Component: Designator=C10(C1206)
Added Component: Designator=C11(C1206)
Added Component: Designator=C12(C1206)
Added Component: Designator=C13(C1206)
Added Component: Designator=C14(C1206)
Added Component: Designator=C15(C1206)
Added Component: Designator=C16(C1206)
Added Component: Designator=C17(C1206)
Added Component: Designator=C18(C1206)
Added Component: Designator=D1(D_SMA)
Add component (AddParameter): Name = "ASSEMBLY"; Value = "ASSEMBLY"; VariantName = "[No Variations]"
Add component (AddParameter): Name = "DESC"; Value = "DESCRIPTION"; VariantName = "[No Variations]"
Add component (AddParameter): Name = "MANF"; Value = "Kingtronics"; VariantName = "[No Variations]"
Add component (AddParameter): Name = "MANF_P#"; Value = "M7"; VariantName = "[No Variations]"
Add component (AddParameter): Name = "PARAM"; Value = "1000V VRRM"; VariantName = "[No Variations]"
Add component (AddParameter): Name = "PARAM2"; Value = "1A"; VariantName = "[No Variations]"
Add component (AddParameter): Name = "PRICE"; Value = "PRICE"; VariantName = "[No Variations]"
Add component (AddParameter): Name = "VALUE"; Value = "1N4007"; VariantName = "[No Variations]"
Added Component: Designator=J1(Klemens 1x2 - 3.5mm)
Added Component: Designator=J2(Klemens 1x2 - 3.5mm)
Added Component: Designator=J3(Header 2.54 1x4)
Added Component: Designator=J4(Header 2.54 1x4)
Added Component: Designator=J5(Micro SD Card Holder)
Added Component: Designator=J6(Header 2.54 1x5)
Added Component: Designator=J7(Header 2.54 1x3)
Added Component: Designator=R1(R1206 Resýstor)
Added Component: Designator=R2(R1206 Resýstor)
Added Component: Designator=R3(R1206 Resýstor)
Added Component: Designator=R4(R1206 Resýstor)
Added Component: Designator=R5(R1206 Resýstor)
Added Component: Designator=U1(LQFP48-STM32)
Added Component: Designator=U2(QFN50P400X400X90_HS-25N_MPU6050_GYRO)
Added Component: Designator=U3(DPAK-L7805-LD108633)
Added Component: Designator=U4(DPAK-L7805-LD108633)
Added Component: Designator=U5(BMP280)
Added Component: Designator=Y1(8 MHZ Osc.)
Added Pin To Net: NetName=NetB1_1 Pin=B1-1
Added Pin To Net: NetName=GND Pin=B1-3
Added Pin To Net: NetName=NetBZ1_1 Pin=BZ1-1
Added Pin To Net: NetName=GND Pin=BZ1-2
Added Pin To Net: NetName=3V3 Pin=C1-1
Added Pin To Net: NetName=GND Pin=C1-2
Added Pin To Net: NetName=3V3 Pin=C2-1
Added Pin To Net: NetName=GND Pin=C2-2
Added Pin To Net: NetName=GND Pin=C3-1
Added Pin To Net: NetName=5V Pin=C3-2
Added Pin To Net: NetName=9V Pin=C4-1
Added Pin To Net: NetName=GND Pin=C4-2
Added Pin To Net: NetName=GND Pin=C5-1
Added Pin To Net: NetName=NetC5_2 Pin=C5-2
Added Pin To Net: NetName=NetC6_1 Pin=C6-1
Added Pin To Net: NetName=GND Pin=C6-2
Added Pin To Net: NetName=5V Pin=C7-1
Added Pin To Net: NetName=5V Pin=C7-1
Added Pin To Net: NetName=GND Pin=C7-2
Added Pin To Net: NetName=3V Pin=C8-1
Added Pin To Net: NetName=3V Pin=C8-1
Added Pin To Net: NetName=GND Pin=C8-2
Added Pin To Net: NetName=3V3 Pin=C9-1
Added Pin To Net: NetName=GND Pin=C9-2
Added Pin To Net: NetName=3V3 Pin=C10-1
Added Pin To Net: NetName=GND Pin=C10-2
Added Pin To Net: NetName=NetC11_1 Pin=C11-1
Added Pin To Net: NetName=GND Pin=C11-2
Added Pin To Net: NetName=NetC12_1 Pin=C12-1
Added Pin To Net: NetName=NetB1_1 Pin=C13-1
Added Pin To Net: NetName=GND Pin=C13-2
Added Pin To Net: NetName=GND Pin=C14-1
Added Pin To Net: NetName=3V3 Pin=C14-2
Added Pin To Net: NetName=GND Pin=C15-1
Added Pin To Net: NetName=3V3 Pin=C15-2
Added Pin To Net: NetName=GND Pin=C16-1
Added Pin To Net: NetName=3V3 Pin=C16-2
Added Pin To Net: NetName=GND Pin=C17-1
Added Pin To Net: NetName=3V3 Pin=C17-2
Added Pin To Net: NetName=GND Pin=C18-1
Added Pin To Net: NetName=3V3 Pin=C18-2
Added Pin To Net: NetName=NetD1_1 Pin=D1-1
Added Pin To Net: NetName=9V Pin=D1-2
Added Pin To Net: NetName=GND Pin=J1-1
Added Pin To Net: NetName=NetD1_1 Pin=J1-2
Added Pin To Net: NetName=GND Pin=J2-1
Added Pin To Net: NetName=5V Pin=J2-2
Added Pin To Net: NetName=NetJ3_1 Pin=J3-1
Added Pin To Net: NetName=NetJ3_2 Pin=J3-2
Added Pin To Net: NetName=GND Pin=J3-3
Added Pin To Net: NetName=3V3 Pin=J3-4
Added Pin To Net: NetName=5V Pin=J4-1
Added Pin To Net: NetName=GND Pin=J4-2
Added Pin To Net: NetName=NetJ4_3 Pin=J4-3
Added Pin To Net: NetName=NetJ4_4 Pin=J4-4
Added Pin To Net: NetName=NetJ5_2 Pin=J5-2
Added Pin To Net: NetName=NetJ5_3 Pin=J5-3
Added Pin To Net: NetName=3V3 Pin=J5-4
Added Pin To Net: NetName=NetJ5_5 Pin=J5-5
Added Pin To Net: NetName=GND Pin=J5-6
Added Pin To Net: NetName=NetJ5_7 Pin=J5-7
Added Pin To Net: NetName=GND Pin=J5-10
Added Pin To Net: NetName=GND Pin=J5-11
Added Pin To Net: NetName=GND Pin=J5-12
Added Pin To Net: NetName=GND Pin=J5-13
Added Pin To Net: NetName=3V3 Pin=J6-1
Added Pin To Net: NetName=NetJ6_2 Pin=J6-2
Added Pin To Net: NetName=NetJ6_3 Pin=J6-3
Added Pin To Net: NetName=NetB1_1 Pin=J6-4
Added Pin To Net: NetName=GND Pin=J6-5
Added Pin To Net: NetName=NetJ7_1 Pin=J7-1
Added Pin To Net: NetName=5V Pin=J7-2
Added Pin To Net: NetName=GND Pin=J7-3
Added Pin To Net: NetName=NetR1_1 Pin=R1-1
Added Pin To Net: NetName=GND Pin=R1-2
Added Pin To Net: NetName=3V3 Pin=R2-1
Added Pin To Net: NetName=NetR2_2 Pin=R2-2
Added Pin To Net: NetName=3V3 Pin=R3-1
Added Pin To Net: NetName=NetR3_2 Pin=R3-2
Added Pin To Net: NetName=NetB1_1 Pin=R4-1
Added Pin To Net: NetName=3V3 Pin=R4-2
Added Pin To Net: NetName=GND Pin=R5-1
Added Pin To Net: NetName=3V3 Pin=R5-2
Added Pin To Net: NetName=3V3 Pin=U1-1
Added Pin To Net: NetName=NetC11_1 Pin=U1-5
Added Pin To Net: NetName=NetC12_1 Pin=U1-6
Added Pin To Net: NetName=NetB1_1 Pin=U1-7
Added Pin To Net: NetName=GND Pin=U1-8
Added Pin To Net: NetName=3V3 Pin=U1-9
Added Pin To Net: NetName=NetJ3_2 Pin=U1-12
Added Pin To Net: NetName=NetJ3_1 Pin=U1-13
Added Pin To Net: NetName=NetJ5_2 Pin=U1-14
Added Pin To Net: NetName=NetJ5_5 Pin=U1-15
Added Pin To Net: NetName=NetJ5_7 Pin=U1-16
Added Pin To Net: NetName=NetJ5_3 Pin=U1-17
Added Pin To Net: NetName=NetR2_2 Pin=U1-21
Added Pin To Net: NetName=NetR3_2 Pin=U1-22
Added Pin To Net: NetName=GND Pin=U1-23
Added Pin To Net: NetName=3V3 Pin=U1-24
Added Pin To Net: NetName=NetU1_26 Pin=U1-26
Added Pin To Net: NetName=NetJ4_4 Pin=U1-29
Added Pin To Net: NetName=NetJ4_3 Pin=U1-30
Added Pin To Net: NetName=NetJ6_2 Pin=U1-34
Added Pin To Net: NetName=GND Pin=U1-35
Added Pin To Net: NetName=3V3 Pin=U1-36
Added Pin To Net: NetName=NetJ6_3 Pin=U1-37
Added Pin To Net: NetName=NetJ7_1 Pin=U1-40
Added Pin To Net: NetName=NetBZ1_1 Pin=U1-43
Added Pin To Net: NetName=NetR1_1 Pin=U1-44
Added Pin To Net: NetName=GND Pin=U1-47
Added Pin To Net: NetName=3V3 Pin=U1-48
Added Pin To Net: NetName=GND Pin=U2-1
Added Pin To Net: NetName=3V3 Pin=U2-8
Added Pin To Net: NetName=GND Pin=U2-9
Added Pin To Net: NetName=NetC5_2 Pin=U2-10
Added Pin To Net: NetName=GND Pin=U2-11
Added Pin To Net: NetName=3V3 Pin=U2-13
Added Pin To Net: NetName=GND Pin=U2-18
Added Pin To Net: NetName=NetC6_1 Pin=U2-20
Added Pin To Net: NetName=NetR2_2 Pin=U2-23
Added Pin To Net: NetName=NetR3_2 Pin=U2-24
Added Pin To Net: NetName=9V Pin=U3-1
Added Pin To Net: NetName=GND Pin=U3-3
Added Pin To Net: NetName=GND Pin=U4-1
Added Pin To Net: NetName=3V Pin=U4-3
Added Pin To Net: NetName=GND Pin=U5-1
Added Pin To Net: NetName=GND Pin=U5-1
Added Pin To Net: NetName=GND Pin=U5-1
Added Pin To Net: NetName=GND Pin=U5-1
Added Pin To Net: NetName=GND Pin=U5-1
Added Pin To Net: NetName=GND Pin=U5-1
Added Pin To Net: NetName=NetU1_26 Pin=U5-2
Added Pin To Net: NetName=NetJ5_3 Pin=U5-3
Added Pin To Net: NetName=NetJ5_5 Pin=U5-4
Added Pin To Net: NetName=NetJ5_7 Pin=U5-5
Added Pin To Net: NetName=3V3 Pin=U5-6
Added Pin To Net: NetName=GND Pin=U5-7
Added Pin To Net: NetName=3V3 Pin=U5-8
Added Pin To Net: NetName=3V3 Pin=U5-8
Added Pin To Net: NetName=NetC11_1 Pin=Y1-1
Added Pin To Net: NetName=GND Pin=Y1-2
Added Pin To Net: NetName=NetC12_1 Pin=Y1-3
Added Pin To Net: NetName=GND Pin=Y1-4
Added Member To Class: ClassName=SATALLITE Member=Component B1 Push Button
Added Member To Class: ClassName=SATALLITE Member=Component BZ1 BUZZER
Added Member To Class: ClassName=SATALLITE Member=Component C1 0.1 uF C1206
Added Member To Class: ClassName=SATALLITE Member=Component C2 0.1 uF C1206
Added Member To Class: ClassName=SATALLITE Member=Component C3 0.1 uF C1206
Added Member To Class: ClassName=SATALLITE Member=Component C4 330 nF C1206
Added Member To Class: ClassName=SATALLITE Member=Component C5 0.1 uF C1206
Added Member To Class: ClassName=SATALLITE Member=Component C6 2.2 nF c1206
Added Member To Class: ClassName=SATALLITE Member=Component C7 10 uF - Tantal
Added Member To Class: ClassName=SATALLITE Member=Component C8 10 uF - Tantal
Added Member To Class: ClassName=SATALLITE Member=Component C9 0.1 uF C1206
Added Member To Class: ClassName=SATALLITE Member=Component C10 0.1 uF C1206
Added Member To Class: ClassName=SATALLITE Member=Component C11 16 pF
Added Member To Class: ClassName=SATALLITE Member=Component C12 16 pF
Added Member To Class: ClassName=SATALLITE Member=Component C13 0.1 uF C1206
Added Member To Class: ClassName=SATALLITE Member=Component C14 0.1 uF C1206
Added Member To Class: ClassName=SATALLITE Member=Component C15 0.1 uF C1206
Added Member To Class: ClassName=SATALLITE Member=Component C16 0.1 uF C1206
Added Member To Class: ClassName=SATALLITE Member=Component C17 0.1 uF C1206
Added Member To Class: ClassName=SATALLITE Member=Component C18 0.1 uF C1206
Added Member To Class: ClassName=SATALLITE Member=Component D1 1N4007
Added Member To Class: ClassName=SATALLITE Member=Component J1 Klemens 1x2 3.5mm
Added Member To Class: ClassName=SATALLITE Member=Component J2 Klemens 1x2 3.5mm
Added Member To Class: ClassName=SATALLITE Member=Component J3 Header 2.54 1x4
Added Member To Class: ClassName=SATALLITE Member=Component J4 Header 2.54 1x4
Added Member To Class: ClassName=SATALLITE Member=Component J5 Micro SD Card Holder
Added Member To Class: ClassName=SATALLITE Member=Component J6 Header 2.54 1x5
Added Member To Class: ClassName=SATALLITE Member=Component J7 Header 2.54 1x3
Added Member To Class: ClassName=SATALLITE Member=Component R1 10K R1206
Added Member To Class: ClassName=SATALLITE Member=Component R2 4.7K R1206
Added Member To Class: ClassName=SATALLITE Member=Component R3 4.7K R1206
Added Member To Class: ClassName=SATALLITE Member=Component R4 10K R1206
Added Member To Class: ClassName=SATALLITE Member=Component R5 10K R1206
Added Member To Class: ClassName=SATALLITE Member=Component U1 LQFP48-STM32
Added Member To Class: ClassName=SATALLITE Member=Component U2 QFN24-MPU6050
Added Member To Class: ClassName=SATALLITE Member=Component U3 L7805-DPAK
Added Member To Class: ClassName=SATALLITE Member=Component U4 LD108633 DPAK
Added Member To Class: ClassName=SATALLITE Member=Component U5 BMP280
Added Member To Class: ClassName=SATALLITE Member=Component Y1 8 MHz 12.5 pf Osc
Added Room: Name=SATALLITE
